[0.015s] Invoking command in '/home/cole/cole_ws/build/sim_test': CMAKE_PREFIX_PATH=${CMAKE_PREFIX_PATH}:/opt/ros/humble /usr/bin/cmake --build /home/cole/cole_ws/build/sim_test -- -j16 -l16
[0.035s] -- Found ament_cmake: 1.3.11 (/opt/ros/humble/share/ament_cmake/cmake)
[0.145s] -- Found ros_gz: 0.244.16 (/opt/ros/humble/share/ros_gz/cmake)
[0.146s] -- Found ros_gz_sim: 0.244.16 (/opt/ros/humble/share/ros_gz_sim/cmake)
[0.187s] -- Found rosidl_generator_c: 3.1.6 (/opt/ros/humble/share/rosidl_generator_c/cmake)
[0.189s] -- Found rosidl_adapter: 3.1.6 (/opt/ros/humble/share/rosidl_adapter/cmake)
[0.195s] -- Found rosidl_generator_cpp: 3.1.6 (/opt/ros/humble/share/rosidl_generator_cpp/cmake)
[0.203s] -- Using all available rosidl_typesupport_c: rosidl_typesupport_fastrtps_c;rosidl_typesupport_introspection_c
[0.214s] -- Using all available rosidl_typesupport_cpp: rosidl_typesupport_fastrtps_cpp;rosidl_typesupport_introspection_cpp
[0.242s] -- Found rmw_implementation_cmake: 6.1.2 (/opt/ros/humble/share/rmw_implementation_cmake/cmake)
[0.244s] -- Found rmw_fastrtps_cpp: 6.2.7 (/opt/ros/humble/share/rmw_fastrtps_cpp/cmake)
[0.329s] -- Using RMW implementation 'rmw_fastrtps_cpp' as default
[0.372s] -- Found geometry_msgs: 4.2.4 (/opt/ros/humble/share/geometry_msgs/cmake)
[0.383s] -- Found ament_lint_auto: 0.12.11 (/opt/ros/humble/share/ament_lint_auto/cmake)
[0.434s] -- Added test 'cppcheck' to perform static code analysis on C / C++ code
[0.434s] -- Configured cppcheck include dirs: 
[0.434s] -- Configured cppcheck exclude dirs and/or files: 
[0.434s] -- Added test 'flake8' to check Python code syntax and style conventions
[0.435s] -- Added test 'lint_cmake' to check CMake code style
[0.435s] -- Added test 'pep257' to check Python code against some of the docstring style conventions in PEP 257
[0.436s] -- Added test 'uncrustify' to check C / C++ code style
[0.436s] -- Configured uncrustify additional arguments: 
[0.437s] -- Added test 'xmllint' to check XML markup files
[0.437s] -- Configuring done
[0.444s] -- Generating done
[0.446s] -- Build files have been written to: /home/cole/cole_ws/build/sim_test
[0.482s] [ 50%] [32mBuilding CXX object CMakeFiles/keypress.dir/src/husky_controller.cpp.o[0m
[1.943s] [01m[K/home/cole/cole_ws/src/sim_test/src/husky_controller.cpp:[m[K In member function â€˜[01m[Kvoid HuskyController::timer_callback()[m[Kâ€™:
[1.943s] [01m[K/home/cole/cole_ws/src/sim_test/src/husky_controller.cpp:29:19:[m[K [01;31m[Kerror: [m[Kâ€˜[01m[Kcin[m[Kâ€™ was not declared in this scope; did you mean â€˜[01m[Kstd::cin[m[Kâ€™?
[1.943s]    29 |                   [01;31m[Kcin[m[K>>input;
[1.943s]       |                   [01;31m[K^~~[m[K
[1.943s]       |                   [32m[Kstd::cin[m[K
[1.943s] In file included from [01m[K/opt/ros/humble/include/rclcpp/rclcpp/executor.hpp:22[m[K,
[1.943s]                  from [01m[K/opt/ros/humble/include/rclcpp/rclcpp/executors/multi_threaded_executor.hpp:25[m[K,
[1.943s]                  from [01m[K/opt/ros/humble/include/rclcpp/rclcpp/executors.hpp:21[m[K,
[1.943s]                  from [01m[K/opt/ros/humble/include/rclcpp/rclcpp/rclcpp.hpp:155[m[K,
[1.943s]                  from [01m[K/home/cole/cole_ws/src/sim_test/src/husky_controller.cpp:6[m[K:
[1.943s] [01m[K/usr/include/c++/11/iostream:60:18:[m[K [01;36m[Knote: [m[Kâ€˜[01m[Kstd::cin[m[Kâ€™ declared here
[1.943s]    60 |   extern istream [01;36m[Kcin[m[K;           /// Linked to standard input
[1.943s]       |                  [01;36m[K^~~[m[K
[1.943s] [01m[K/home/cole/cole_ws/src/sim_test/src/husky_controller.cpp:31:19:[m[K [01;31m[Kerror: [m[Kâ€˜[01m[Kcout[m[Kâ€™ was not declared in this scope; did you mean â€˜[01m[Kstd::cout[m[Kâ€™?
[1.944s]    31 |                   [01;31m[Kcout[m[K<<input;
[1.944s]       |                   [01;31m[K^~~~[m[K
[1.944s]       |                   [32m[Kstd::cout[m[K
[1.944s] In file included from [01m[K/opt/ros/humble/include/rclcpp/rclcpp/executor.hpp:22[m[K,
[1.944s]                  from [01m[K/opt/ros/humble/include/rclcpp/rclcpp/executors/multi_threaded_executor.hpp:25[m[K,
[1.944s]                  from [01m[K/opt/ros/humble/include/rclcpp/rclcpp/executors.hpp:21[m[K,
[1.944s]                  from [01m[K/opt/ros/humble/include/rclcpp/rclcpp/rclcpp.hpp:155[m[K,
[1.944s]                  from [01m[K/home/cole/cole_ws/src/sim_test/src/husky_controller.cpp:6[m[K:
[1.944s] [01m[K/usr/include/c++/11/iostream:61:18:[m[K [01;36m[Knote: [m[Kâ€˜[01m[Kstd::cout[m[Kâ€™ declared here
[1.944s]    61 |   extern ostream [01;36m[Kcout[m[K;          /// Linked to standard output
[1.944s]       |                  [01;36m[K^~~~[m[K
[1.953s] [01m[K/home/cole/cole_ws/src/sim_test/src/husky_controller.cpp:26:25:[m[K [01;35m[Kwarning: [m[Kunused variable â€˜[01m[Klx[m[Kâ€™ [[01;35m[K]8;;https://gcc.gnu.org/onlinedocs/gcc/Warning-Options.html#index-Wunused-variable-Wunused-variable]8;;[m[K]
[1.953s]    26 |                   float [01;35m[Klx[m[K,ly,lz,ax,ay,az;
[1.953s]       |                         [01;35m[K^~[m[K
[1.953s] [01m[K/home/cole/cole_ws/src/sim_test/src/husky_controller.cpp:26:28:[m[K [01;35m[Kwarning: [m[Kunused variable â€˜[01m[Kly[m[Kâ€™ [[01;35m[K]8;;https://gcc.gnu.org/onlinedocs/gcc/Warning-Options.html#index-Wunused-variable-Wunused-variable]8;;[m[K]
[1.953s]    26 |                   float lx,[01;35m[Kly[m[K,lz,ax,ay,az;
[1.953s]       |                            [01;35m[K^~[m[K
[1.953s] [01m[K/home/cole/cole_ws/src/sim_test/src/husky_controller.cpp:26:31:[m[K [01;35m[Kwarning: [m[Kunused variable â€˜[01m[Klz[m[Kâ€™ [[01;35m[K]8;;https://gcc.gnu.org/onlinedocs/gcc/Warning-Options.html#index-Wunused-variable-Wunused-variable]8;;[m[K]
[1.953s]    26 |                   float lx,ly,[01;35m[Klz[m[K,ax,ay,az;
[1.953s]       |                               [01;35m[K^~[m[K
[1.953s] [01m[K/home/cole/cole_ws/src/sim_test/src/husky_controller.cpp:26:34:[m[K [01;35m[Kwarning: [m[Kunused variable â€˜[01m[Kax[m[Kâ€™ [[01;35m[K]8;;https://gcc.gnu.org/onlinedocs/gcc/Warning-Options.html#index-Wunused-variable-Wunused-variable]8;;[m[K]
[1.953s]    26 |                   float lx,ly,lz,[01;35m[Kax[m[K,ay,az;
[1.953s]       |                                  [01;35m[K^~[m[K
[1.953s] [01m[K/home/cole/cole_ws/src/sim_test/src/husky_controller.cpp:26:37:[m[K [01;35m[Kwarning: [m[Kunused variable â€˜[01m[Kay[m[Kâ€™ [[01;35m[K]8;;https://gcc.gnu.org/onlinedocs/gcc/Warning-Options.html#index-Wunused-variable-Wunused-variable]8;;[m[K]
[1.953s]    26 |                   float lx,ly,lz,ax,[01;35m[Kay[m[K,az;
[1.953s]       |                                     [01;35m[K^~[m[K
[1.953s] [01m[K/home/cole/cole_ws/src/sim_test/src/husky_controller.cpp:26:40:[m[K [01;35m[Kwarning: [m[Kunused variable â€˜[01m[Kaz[m[Kâ€™ [[01;35m[K]8;;https://gcc.gnu.org/onlinedocs/gcc/Warning-Options.html#index-Wunused-variable-Wunused-variable]8;;[m[K]
[1.953s]    26 |                   float lx,ly,lz,ax,ay,[01;35m[Kaz[m[K;
[1.953s]       |                                        [01;35m[K^~[m[K
[2.399s] gmake[2]: *** [CMakeFiles/keypress.dir/build.make:76: CMakeFiles/keypress.dir/src/husky_controller.cpp.o] Error 1
[2.399s] gmake[1]: *** [CMakeFiles/Makefile2:137: CMakeFiles/keypress.dir/all] Error 2
[2.400s] gmake: *** [Makefile:146: all] Error 2
[2.401s] Invoked command in '/home/cole/cole_ws/build/sim_test' returned '2': CMAKE_PREFIX_PATH=${CMAKE_PREFIX_PATH}:/opt/ros/humble /usr/bin/cmake --build /home/cole/cole_ws/build/sim_test -- -j16 -l16
